app/build/intermediates/manifest_merge_blame_file/release/processReleaseMainManifest/manifest-merger-blame-release-report.txt
1<?xml version="1.0" encoding="utf-8"?>
2<manifest xmlns:android="http://schemas.android.com/apk/res/android"
3    package="com.codewithfk.expensetracker.android"
4    android:versionCode="1"
5    android:versionName="1.0" >
6
7    <uses-sdk
8        android:minSdkVersion="26"
9        android:targetSdkVersion="34" />
10
11    <!-- Although the *SdkVersion is captured in gradle build files, this is required for non gradle builds -->
12    <!-- <uses-sdk android:minSdkVersion="21"/> -->
13    <uses-permission android:name="android.permission.ACCESS_NETWORK_STATE" />
13-->[com.google.firebase:firebase-database:21.0.0] AndroidManifest.xml:22:5-79
13-->[com.google.firebase:firebase-database:21.0.0] AndroidManifest.xml:22:22-76
14    <uses-permission android:name="android.permission.INTERNET" />
14-->[com.google.firebase:firebase-database:21.0.0] AndroidManifest.xml:23:5-67
14-->[com.google.firebase:firebase-database:21.0.0] AndroidManifest.xml:23:22-64
15
16    <permission
16-->[androidx.core:core:1.13.1] AndroidManifest.xml:22:5-24:47
17        android:name="com.codewithfk.expensetracker.android.DYNAMIC_RECEIVER_NOT_EXPORTED_PERMISSION"
17-->[androidx.core:core:1.13.1] AndroidManifest.xml:23:9-81
18        android:protectionLevel="signature" />
18-->[androidx.core:core:1.13.1] AndroidManifest.xml:24:9-44
19
20    <uses-permission android:name="com.codewithfk.expensetracker.android.DYNAMIC_RECEIVER_NOT_EXPORTED_PERMISSION" />
20-->[androidx.core:core:1.13.1] AndroidManifest.xml:26:5-97
20-->[androidx.core:core:1.13.1] AndroidManifest.xml:26:22-94
21
22    <application
22-->src\main\AndroidManifest.xml:5:5-25:19
23        android:allowBackup="true"
23-->src\main\AndroidManifest.xml:6:9-35
24        android:appComponentFactory="androidx.core.app.CoreComponentFactory"
24-->[androidx.core:core:1.13.1] AndroidManifest.xml:28:18-86
25        android:dataExtractionRules="@xml/data_extraction_rules"
25-->src\main\AndroidManifest.xml:7:9-65
26        android:extractNativeLibs="false"
27        android:fullBackupContent="@xml/backup_rules"
27-->src\main\AndroidManifest.xml:8:9-54
28        android:icon="@mipmap/ic_launcher"
28-->src\main\AndroidManifest.xml:9:9-43
29        android:label="@string/app_name"
29-->src\main\AndroidManifest.xml:10:9-41
30        android:roundIcon="@mipmap/ic_launcher_round"
30-->src\main\AndroidManifest.xml:11:9-54
31        android:supportsRtl="true"
31-->src\main\AndroidManifest.xml:12:9-35
32        android:theme="@style/Theme.MoneyTracker" >
32-->src\main\AndroidManifest.xml:13:9-50
33        <activity
33-->src\main\AndroidManifest.xml:14:9-24:20
34            android:name="com.codewithfk.expensetracker.android.MainActivity"
34-->src\main\AndroidManifest.xml:15:13-41
35            android:exported="true"
35-->src\main\AndroidManifest.xml:16:13-36
36            android:label="@string/app_name"
36-->src\main\AndroidManifest.xml:17:13-45
37            android:theme="@style/Theme.MoneyTracker" >
37-->src\main\AndroidManifest.xml:18:13-54
38            <intent-filter>
38-->src\main\AndroidManifest.xml:19:13-23:29
39                <action android:name="android.intent.action.MAIN" />
39-->src\main\AndroidManifest.xml:20:17-69
39-->src\main\AndroidManifest.xml:20:25-66
40
41                <category android:name="android.intent.category.LAUNCHER" />
41-->src\main\AndroidManifest.xml:22:17-77
41-->src\main\AndroidManifest.xml:22:27-74
42            </intent-filter>
43        </activity>
44
45        <service
45-->[com.google.firebase:firebase-database-ktx:21.0.0] AndroidManifest.xml:9:9-15:19
46            android:name="com.google.firebase.components.ComponentDiscoveryService"
46-->[com.google.firebase:firebase-database-ktx:21.0.0] AndroidManifest.xml:10:13-84
47            android:directBootAware="true"
47-->[com.google.firebase:firebase-common:21.0.0] AndroidManifest.xml:32:13-43
48            android:exported="false" >
48-->[com.google.firebase:firebase-database-ktx:21.0.0] AndroidManifest.xml:11:13-37
49            <meta-data
49-->[com.google.firebase:firebase-database-ktx:21.0.0] AndroidManifest.xml:12:13-14:85
50                android:name="com.google.firebase.components:com.google.firebase.database.ktx.FirebaseDatabaseLegacyRegistrar"
50-->[com.google.firebase:firebase-database-ktx:21.0.0] AndroidManifest.xml:13:17-127
51                android:value="com.google.firebase.components.ComponentRegistrar" />
51-->[com.google.firebase:firebase-database-ktx:21.0.0] AndroidManifest.xml:14:17-82
52            <meta-data
52-->[com.google.firebase:firebase-database:21.0.0] AndroidManifest.xml:29:13-31:85
53                android:name="com.google.firebase.components:com.google.firebase.database.FirebaseDatabaseKtxRegistrar"
53-->[com.google.firebase:firebase-database:21.0.0] AndroidManifest.xml:30:17-120
54                android:value="com.google.firebase.components.ComponentRegistrar" />
54-->[com.google.firebase:firebase-database:21.0.0] AndroidManifest.xml:31:17-82
55            <meta-data
55-->[com.google.firebase:firebase-database:21.0.0] AndroidManifest.xml:32:13-34:85
56                android:name="com.google.firebase.components:com.google.firebase.database.DatabaseRegistrar"
56-->[com.google.firebase:firebase-database:21.0.0] AndroidManifest.xml:33:17-109
57                android:value="com.google.firebase.components.ComponentRegistrar" />
57-->[com.google.firebase:firebase-database:21.0.0] AndroidManifest.xml:34:17-82
58            <meta-data
58-->[com.google.firebase:firebase-common-ktx:21.0.0] AndroidManifest.xml:12:13-14:85
59                android:name="com.google.firebase.components:com.google.firebase.ktx.FirebaseCommonLegacyRegistrar"
59-->[com.google.firebase:firebase-common-ktx:21.0.0] AndroidManifest.xml:13:17-116
60                android:value="com.google.firebase.components.ComponentRegistrar" />
60-->[com.google.firebase:firebase-common-ktx:21.0.0] AndroidManifest.xml:14:17-82
61            <meta-data
61-->[com.google.firebase:firebase-common:21.0.0] AndroidManifest.xml:35:13-37:85
62                android:name="com.google.firebase.components:com.google.firebase.FirebaseCommonKtxRegistrar"
62-->[com.google.firebase:firebase-common:21.0.0] AndroidManifest.xml:36:17-109
63                android:value="com.google.firebase.components.ComponentRegistrar" />
63-->[com.google.firebase:firebase-common:21.0.0] AndroidManifest.xml:37:17-82
64        </service>
65
66        <provider
66-->[com.google.firebase:firebase-common:21.0.0] AndroidManifest.xml:23:9-28:39
67            android:name="com.google.firebase.provider.FirebaseInitProvider"
67-->[com.google.firebase:firebase-common:21.0.0] AndroidManifest.xml:24:13-77
68            android:authorities="com.codewithfk.expensetracker.android.firebaseinitprovider"
68-->[com.google.firebase:firebase-common:21.0.0] AndroidManifest.xml:25:13-72
69            android:directBootAware="true"
69-->[com.google.firebase:firebase-common:21.0.0] AndroidManifest.xml:26:13-43
70            android:exported="false"
70-->[com.google.firebase:firebase-common:21.0.0] AndroidManifest.xml:27:13-37
71            android:initOrder="100" />
71-->[com.google.firebase:firebase-common:21.0.0] AndroidManifest.xml:28:13-36
72
73        <activity
73-->[com.google.android.gms:play-services-base:18.1.0] AndroidManifest.xml:20:9-22:45
74            android:name="com.google.android.gms.common.api.GoogleApiActivity"
74-->[com.google.android.gms:play-services-base:18.1.0] AndroidManifest.xml:20:19-85
75            android:exported="false"
75-->[com.google.android.gms:play-services-base:18.1.0] AndroidManifest.xml:22:19-43
76            android:theme="@android:style/Theme.Translucent.NoTitleBar" />
76-->[com.google.android.gms:play-services-base:18.1.0] AndroidManifest.xml:21:19-78
77
78        <service
78-->[androidx.room:room-runtime:2.6.1] AndroidManifest.xml:24:9-28:63
79            android:name="androidx.room.MultiInstanceInvalidationService"
79-->[androidx.room:room-runtime:2.6.1] AndroidManifest.xml:25:13-74
80            android:directBootAware="true"
80-->[androidx.room:room-runtime:2.6.1] AndroidManifest.xml:26:13-43
81            android:exported="false" />
81-->[androidx.room:room-runtime:2.6.1] AndroidManifest.xml:27:13-37
82
83        <provider
83-->[androidx.emoji2:emoji2:1.3.0] AndroidManifest.xml:24:9-32:20
84            android:name="androidx.startup.InitializationProvider"
84-->[androidx.emoji2:emoji2:1.3.0] AndroidManifest.xml:25:13-67
85            android:authorities="com.codewithfk.expensetracker.android.androidx-startup"
85-->[androidx.emoji2:emoji2:1.3.0] AndroidManifest.xml:26:13-68
86            android:exported="false" >
86-->[androidx.emoji2:emoji2:1.3.0] AndroidManifest.xml:27:13-37
87            <meta-data
87-->[androidx.emoji2:emoji2:1.3.0] AndroidManifest.xml:29:13-31:52
88                android:name="androidx.emoji2.text.EmojiCompatInitializer"
88-->[androidx.emoji2:emoji2:1.3.0] AndroidManifest.xml:30:17-75
89                android:value="androidx.startup" />
89-->[androidx.emoji2:emoji2:1.3.0] AndroidManifest.xml:31:17-49
90            <meta-data
90-->[androidx.lifecycle:lifecycle-process:2.8.4] AndroidManifest.xml:29:13-31:52
91                android:name="androidx.lifecycle.ProcessLifecycleInitializer"
91-->[androidx.lifecycle:lifecycle-process:2.8.4] AndroidManifest.xml:30:17-78
92                android:value="androidx.startup" />
92-->[androidx.lifecycle:lifecycle-process:2.8.4] AndroidManifest.xml:31:17-49
93            <meta-data
93-->[androidx.profileinstaller:profileinstaller:1.3.1] AndroidManifest.xml:29:13-31:52
94                android:name="androidx.profileinstaller.ProfileInstallerInitializer"
94-->[androidx.profileinstaller:profileinstaller:1.3.1] AndroidManifest.xml:30:17-85
95                android:value="androidx.startup" />
95-->[androidx.profileinstaller:profileinstaller:1.3.1] AndroidManifest.xml:31:17-49
96        </provider>
97
98        <meta-data
98-->[com.google.android.gms:play-services-basement:18.3.0] AndroidManifest.xml:21:9-23:69
99            android:name="com.google.android.gms.version"
99-->[com.google.android.gms:play-services-basement:18.3.0] AndroidManifest.xml:22:13-58
100            android:value="@integer/google_play_services_version" />
100-->[com.google.android.gms:play-services-basement:18.3.0] AndroidManifest.xml:23:13-66
101
102        <receiver
102-->[androidx.profileinstaller:profileinstaller:1.3.1] AndroidManifest.xml:34:9-52:20
103            android:name="androidx.profileinstaller.ProfileInstallReceiver"
103-->[androidx.profileinstaller:profileinstaller:1.3.1] AndroidManifest.xml:35:13-76
104            android:directBootAware="false"
104-->[androidx.profileinstaller:profileinstaller:1.3.1] AndroidManifest.xml:36:13-44
105            android:enabled="true"
105-->[androidx.profileinstaller:profileinstaller:1.3.1] AndroidManifest.xml:37:13-35
106            android:exported="true"
106-->[androidx.profileinstaller:profileinstaller:1.3.1] AndroidManifest.xml:38:13-36
107            android:permission="android.permission.DUMP" >
107-->[androidx.profileinstaller:profileinstaller:1.3.1] AndroidManifest.xml:39:13-57
108            <intent-filter>
108-->[androidx.profileinstaller:profileinstaller:1.3.1] AndroidManifest.xml:40:13-42:29
109                <action android:name="androidx.profileinstaller.action.INSTALL_PROFILE" />
109-->[androidx.profileinstaller:profileinstaller:1.3.1] AndroidManifest.xml:41:17-91
109-->[androidx.profileinstaller:profileinstaller:1.3.1] AndroidManifest.xml:41:25-88
110            </intent-filter>
111            <intent-filter>
111-->[androidx.profileinstaller:profileinstaller:1.3.1] AndroidManifest.xml:43:13-45:29
112                <action android:name="androidx.profileinstaller.action.SKIP_FILE" />
112-->[androidx.profileinstaller:profileinstaller:1.3.1] AndroidManifest.xml:44:17-85
112-->[androidx.profileinstaller:profileinstaller:1.3.1] AndroidManifest.xml:44:25-82
113            </intent-filter>
114            <intent-filter>
114-->[androidx.profileinstaller:profileinstaller:1.3.1] AndroidManifest.xml:46:13-48:29
115                <action android:name="androidx.profileinstaller.action.SAVE_PROFILE" />
115-->[androidx.profileinstaller:profileinstaller:1.3.1] AndroidManifest.xml:47:17-88
115-->[androidx.profileinstaller:profileinstaller:1.3.1] AndroidManifest.xml:47:25-85
116            </intent-filter>
117            <intent-filter>
117-->[androidx.profileinstaller:profileinstaller:1.3.1] AndroidManifest.xml:49:13-51:29
118                <action android:name="androidx.profileinstaller.action.BENCHMARK_OPERATION" />
118-->[androidx.profileinstaller:profileinstaller:1.3.1] AndroidManifest.xml:50:17-95
118-->[androidx.profileinstaller:profileinstaller:1.3.1] AndroidManifest.xml:50:25-92
119            </intent-filter>
120        </receiver>
121    </application>
122
123</manifest>